<?xml version='1.0' encoding='UTF-8'?>
<testsuite hostname="saranya-Vostro-3800" name="com.techsophy.twitter.TweetTest" tests="1" errors="0" failures="0" skipped="0" time="0.829" timestamp="2019-11-04T12:15:31">
                     <properties>
[...]
</properties>
                     <testcase classname="com.techsophy.twitter.TweetTest" name="testing" time="0.829">
                                                 
                                               </testcase>
                     <system-out><![CDATA[]]></system-out>
                     <system-err><![CDATA[]]></system-err>
                   </testsuite>