<?xml version="1.0"?>
<!DOCTYPE coverage SYSTEM "http://cobertura.sourceforge.net/xml/coverage-04.dtd">
<coverage 
line-rate="0.52" lines-valid="75" lines-covered="39" branches-valid="0" branches-covered="0" branch-rate="1.00" complexity="0" version="1.0" timestamp="1572849983107">
    <sources>
        <source>--source</source>
        <source>/home/sharanya/TwitterPractice/src/main/scala</source>
    </sources>
    <packages>
        <package name="com.techsophy.twitter.app" line-rate="0.00" branch-rate="0.00" complexity="0">
            <classes>
                <class 
                name="com.techsophy.twitter.app.Launch" filename="com/techsophy/twitter/app/Launch.scala" line-rate="0.00" branch-rate="0.00" complexity="0">
                    <methods>
                        <method 
                        name="com.techsophy.twitter.app/Launch/&lt;none&gt;" signature="()V" line-rate="0.00" branch-rate="0.00" complexity="0">
                            <lines>
                                <line number="11" hits="0" branch="false"/>
                                <line number="14" hits="0" branch="false"/>
                                <line number="10" hits="0" branch="false"/>
                                <line number="11" hits="0" branch="false"/>
                                <line number="10" hits="0" branch="false"/>
                                <line number="12" hits="0" branch="false"/>
                                <line number="11" hits="0" branch="false"/>
                                <line number="11" hits="0" branch="false"/>
                                <line number="8" hits="0" branch="false"/>
                                <line number="11" hits="0" branch="false"/>
                                <line number="11" hits="0" branch="false"/>
                                <line number="13" hits="0" branch="false"/>
                                <line number="11" hits="0" branch="false"/>
                            </lines>
</method>
                    </methods>
                    <lines>
                        <line number="11" hits="0" branch="false"/>
                        <line number="14" hits="0" branch="false"/>
                        <line number="10" hits="0" branch="false"/>
                        <line number="11" hits="0" branch="false"/>
                        <line number="10" hits="0" branch="false"/>
                        <line number="12" hits="0" branch="false"/>
                        <line number="11" hits="0" branch="false"/>
                        <line number="11" hits="0" branch="false"/>
                        <line number="8" hits="0" branch="false"/>
                        <line number="11" hits="0" branch="false"/>
                        <line number="11" hits="0" branch="false"/>
                        <line number="13" hits="0" branch="false"/>
                        <line number="11" hits="0" branch="false"/>
                    </lines>
</class>
            </classes>
        </package>
        <package name="com.techsophy.twitter.db" line-rate="0.71" branch-rate="1.00" complexity="0">
            <classes>
                <class 
                name="com.techsophy.twitter.db.TwitterDetails.TwitterTable" filename="com/techsophy/twitter/db/TwitterDetails.scala" line-rate="0.95" branch-rate="1.00" complexity="0">
                    <methods>
                        <method 
                        name="com.techsophy.twitter.db/TwitterTable/*" signature="()V" line-rate="0.92" branch-rate="1.00" complexity="0">
                            <lines>
                                <line number="33" hits="0" branch="false"/>
                                <line number="33" hits="1" branch="false"/>
                                <line number="33" hits="1" branch="false"/>
                                <line number="33" hits="1" branch="false"/>
                                <line number="33" hits="1" branch="false"/>
                                <line number="33" hits="1" branch="false"/>
                                <line number="33" hits="1" branch="false"/>
                                <line number="33" hits="1" branch="false"/>
                                <line number="33" hits="1" branch="false"/>
                                <line number="33" hits="1" branch="false"/>
                                <line number="33" hits="1" branch="false"/>
                                <line number="33" hits="1" branch="false"/>
                                <line number="33" hits="1" branch="false"/>
                            </lines>
</method>
                        <method 
                        name="com.techsophy.twitter.db/TwitterTable/name" signature="()V" line-rate="1.00" branch-rate="1.00" complexity="0">
                            <lines>
                                <line number="35" hits="1" branch="false"/>
                                <line number="35" hits="1" branch="false"/>
                                <line number="35" hits="1" branch="false"/>
                            </lines>
</method>
                        <method 
                        name="com.techsophy.twitter.db/TwitterTable/tweet" signature="()V" line-rate="1.00" branch-rate="1.00" complexity="0">
                            <lines>
                                <line number="37" hits="1" branch="false"/>
                                <line number="37" hits="1" branch="false"/>
                                <line number="37" hits="1" branch="false"/>
                            </lines>
</method>
                    </methods>
                    <lines>
                        <line number="33" hits="0" branch="false"/>
                        <line number="35" hits="1" branch="false"/>
                        <line number="33" hits="1" branch="false"/>
                        <line number="33" hits="1" branch="false"/>
                        <line number="37" hits="1" branch="false"/>
                        <line number="33" hits="1" branch="false"/>
                        <line number="37" hits="1" branch="false"/>
                        <line number="33" hits="1" branch="false"/>
                        <line number="33" hits="1" branch="false"/>
                        <line number="33" hits="1" branch="false"/>
                        <line number="33" hits="1" branch="false"/>
                        <line number="33" hits="1" branch="false"/>
                        <line number="37" hits="1" branch="false"/>
                        <line number="33" hits="1" branch="false"/>
                        <line number="33" hits="1" branch="false"/>
                        <line number="35" hits="1" branch="false"/>
                        <line number="33" hits="1" branch="false"/>
                        <line number="35" hits="1" branch="false"/>
                        <line number="33" hits="1" branch="false"/>
                    </lines>
</class>
                <class 
                name="com.techsophy.twitter.db.TwitterQuery" filename="com/techsophy/twitter/db/TwitterDetails.scala" line-rate="0.52" branch-rate="1.00" complexity="0">
                    <methods>
                        <method 
                        name="com.techsophy.twitter.db/TwitterQuery/getAllTweets" signature="()V" line-rate="0.00" branch-rate="0.00" complexity="0">
                            <lines>
                                <line number="20" hits="0" branch="false"/>
                                <line number="20" hits="0" branch="false"/>
                                <line number="20" hits="0" branch="false"/>
                                <line number="20" hits="0" branch="false"/>
                                <line number="20" hits="0" branch="false"/>
                                <line number="20" hits="0" branch="false"/>
                                <line number="20" hits="0" branch="false"/>
                                <line number="20" hits="0" branch="false"/>
                            </lines>
</method>
                        <method 
                        name="com.techsophy.twitter.db/TwitterQuery/read" signature="()V" line-rate="0.00" branch-rate="0.00" complexity="0">
                            <lines>
                                <line number="17" hits="0" branch="false"/>
                                <line number="17" hits="0" branch="false"/>
                                <line number="17" hits="0" branch="false"/>
                            </lines>
</method>
                        <method 
                        name="com.techsophy.twitter.db/TwitterQuery/insert" signature="()V" line-rate="1.00" branch-rate="1.00" complexity="0">
                            <lines>
                                <line number="13" hits="1" branch="false"/>
                                <line number="13" hits="1" branch="false"/>
                                <line number="13" hits="1" branch="false"/>
                                <line number="13" hits="1" branch="false"/>
                                <line number="13" hits="1" branch="false"/>
                                <line number="13" hits="1" branch="false"/>
                                <line number="13" hits="1" branch="false"/>
                                <line number="13" hits="1" branch="false"/>
                                <line number="13" hits="1" branch="false"/>
                                <line number="13" hits="1" branch="false"/>
                                <line number="13" hits="1" branch="false"/>
                                <line number="13" hits="1" branch="false"/>
                            </lines>
</method>
                    </methods>
                    <lines>
                        <line number="20" hits="0" branch="false"/>
                        <line number="20" hits="0" branch="false"/>
                        <line number="13" hits="1" branch="false"/>
                        <line number="13" hits="1" branch="false"/>
                        <line number="20" hits="0" branch="false"/>
                        <line number="13" hits="1" branch="false"/>
                        <line number="17" hits="0" branch="false"/>
                        <line number="20" hits="0" branch="false"/>
                        <line number="13" hits="1" branch="false"/>
                        <line number="20" hits="0" branch="false"/>
                        <line number="13" hits="1" branch="false"/>
                        <line number="13" hits="1" branch="false"/>
                        <line number="20" hits="0" branch="false"/>
                        <line number="13" hits="1" branch="false"/>
                        <line number="20" hits="0" branch="false"/>
                        <line number="13" hits="1" branch="false"/>
                        <line number="13" hits="1" branch="false"/>
                        <line number="13" hits="1" branch="false"/>
                        <line number="13" hits="1" branch="false"/>
                        <line number="20" hits="0" branch="false"/>
                        <line number="17" hits="0" branch="false"/>
                        <line number="17" hits="0" branch="false"/>
                        <line number="13" hits="1" branch="false"/>
                    </lines>
</class>
            </classes>
        </package>
        <package name="com.techsophy.twitter.db.connection" line-rate="1.00" branch-rate="1.00" complexity="0">
            <classes>
                <class 
                name="com.techsophy.twitter.db.connection.MySQLDBConnector" filename="com/techsophy/twitter/db/connection/MySQLDBConnector.scala" line-rate="1.00" branch-rate="1.00" complexity="0">
                    <methods>
                        <method 
                        name="com.techsophy.twitter.db.connection/MySQLDBConnector/&lt;none&gt;" signature="()V" line-rate="1.00" branch-rate="1.00" complexity="0">
                            <lines>
                                <line number="8" hits="1" branch="false"/>
                            </lines>
</method>
                        <method 
                        name="com.techsophy.twitter.db.connection/MySQLDBConnector/db" signature="()V" line-rate="1.00" branch-rate="1.00" complexity="0">
                            <lines>
                                <line number="12" hits="1" branch="false"/>
                                <line number="12" hits="1" branch="false"/>
                                <line number="12" hits="1" branch="false"/>
                                <line number="12" hits="1" branch="false"/>
                                <line number="12" hits="1" branch="false"/>
                                <line number="12" hits="1" branch="false"/>
                            </lines>
</method>
                    </methods>
                    <lines>
                        <line number="8" hits="1" branch="false"/>
                        <line number="12" hits="1" branch="false"/>
                        <line number="12" hits="1" branch="false"/>
                        <line number="12" hits="1" branch="false"/>
                        <line number="12" hits="1" branch="false"/>
                        <line number="12" hits="1" branch="false"/>
                        <line number="12" hits="1" branch="false"/>
                    </lines>
</class>
            </classes>
        </package>
        <package name="com.techsophy.twitter.util" line-rate="0.15" branch-rate="1.00" complexity="0">
            <classes>
                <class 
                name="com.techsophy.twitter.util.Tweet" filename="com/techsophy/twitter/util/Tweet.scala" line-rate="0.15" branch-rate="1.00" complexity="0">
                    <methods>
                        <method 
                        name="com.techsophy.twitter.util/Tweet/&lt;none&gt;" signature="()V" line-rate="1.00" branch-rate="1.00" complexity="0">
                            <lines>
                                <line number="17" hits="1" branch="false"/>
                                <line number="33" hits="1" branch="false"/>
                            </lines>
</method>
                        <method 
                        name="com.techsophy.twitter.util/Tweet/onDeletionNotice" signature="()V" line-rate="0.00" branch-rate="0.00" complexity="0">
                            <lines>
                                <line number="24" hits="0" branch="false"/>
                            </lines>
</method>
                        <method 
                        name="com.techsophy.twitter.util/Tweet/onStatus" signature="()V" line-rate="0.00" branch-rate="0.00" complexity="0">
                            <lines>
                                <line number="20" hits="0" branch="false"/>
                                <line number="21" hits="0" branch="false"/>
                                <line number="21" hits="0" branch="false"/>
                                <line number="21" hits="0" branch="false"/>
                                <line number="21" hits="0" branch="false"/>
                                <line number="20" hits="0" branch="false"/>
                            </lines>
</method>
                        <method 
                        name="com.techsophy.twitter.util/Tweet/onStallWarning" signature="()V" line-rate="0.00" branch-rate="0.00" complexity="0">
                            <lines>
                                <line number="28" hits="0" branch="false"/>
                            </lines>
</method>
                        <method 
                        name="com.techsophy.twitter.util/Tweet/onTrackLimitationNotice" signature="()V" line-rate="0.00" branch-rate="0.00" complexity="0">
                            <lines>
                                <line number="25" hits="0" branch="false"/>
                            </lines>
</method>
                        <method 
                        name="com.techsophy.twitter.util/Tweet/onScrubGeo" signature="()V" line-rate="0.00" branch-rate="0.00" complexity="0">
                            <lines>
                                <line number="27" hits="0" branch="false"/>
                            </lines>
</method>
                        <method 
                        name="com.techsophy.twitter.util/Tweet/onException" signature="()V" line-rate="0.00" branch-rate="0.00" complexity="0">
                            <lines>
                                <line number="26" hits="0" branch="false"/>
                            </lines>
</method>
                    </methods>
                    <lines>
                        <line number="24" hits="0" branch="false"/>
                        <line number="17" hits="1" branch="false"/>
                        <line number="28" hits="0" branch="false"/>
                        <line number="20" hits="0" branch="false"/>
                        <line number="21" hits="0" branch="false"/>
                        <line number="21" hits="0" branch="false"/>
                        <line number="27" hits="0" branch="false"/>
                        <line number="21" hits="0" branch="false"/>
                        <line number="33" hits="1" branch="false"/>
                        <line number="21" hits="0" branch="false"/>
                        <line number="25" hits="0" branch="false"/>
                        <line number="20" hits="0" branch="false"/>
                        <line number="26" hits="0" branch="false"/>
                    </lines>
</class>
            </classes>
        </package>
    </packages>
</coverage>
